loading app sdn_topology/ami_controller.py
loading app ryu.controller.ofp_handler
instantiating app sdn_topology/ami_controller.py of AmiSdnController
Logging flow stats to flow_stats.log
AMI SDN Controller Started
instantiating app ryu.controller.ofp_handler of OFPHandler
BRICK AmiSdnController
  CONSUMES EventOFPFlowStatsReply
  CONSUMES EventOFPPacketIn
  CONSUMES EventOFPStateChange
  CONSUMES EventOFPSwitchFeatures
BRICK ofp_event
  PROVIDES EventOFPFlowStatsReply TO {'AmiSdnController': {'main'}}
  PROVIDES EventOFPPacketIn TO {'AmiSdnController': {'main'}}
  PROVIDES EventOFPStateChange TO {'AmiSdnController': {'main', 'dead'}}
  PROVIDES EventOFPSwitchFeatures TO {'AmiSdnController': {'config'}}
  CONSUMES EventOFPEchoReply
  CONSUMES EventOFPEchoRequest
  CONSUMES EventOFPErrorMsg
  CONSUMES EventOFPHello
  CONSUMES EventOFPPortDescStatsReply
  CONSUMES EventOFPPortStatus
  CONSUMES EventOFPSwitchFeatures
connected socket:<eventlet.greenio.base.GreenSocket object at 0x7775479eb6d0> address:('127.0.0.1', 39652)
EVENT ofp_event->AmiSdnController EventOFPStateChange
